Looking for git in: git
Using git 2.26.2 from git
> git rev-parse --show-toplevel
> git rev-parse --git-dir
Open repository: /home/wtv/universidade/SO_20/SO1920
> git status -z -u
> git symbolic-ref --short HEAD
> git rev-parse master
> git rev-parse --symbolic-full-name master@{u}
> git rev-list --left-right master...refs/remotes/origin/master
> git for-each-ref --format %(refname) %(objectname) --sort -committerdate
> git remote --verbose
> git config --get commit.template
> git check-ignore -v -z --stdin
> git status -z -u
> git symbolic-ref --short HEAD
> git rev-parse master
> git rev-parse --symbolic-full-name master@{u}
> git rev-list --left-right master...refs/remotes/origin/master
> git for-each-ref --format %(refname) %(objectname) --sort -committerdate
> git remote --verbose
> git config --get commit.template
> git show :argus.h
> git ls-files --stage -- /home/wtv/universidade/SO_20/SO1920/argus.h
> git cat-file -s f6f74cb841030b03ee0d413f764012ab528d5ae4
> git show :.gitignore
> git ls-files --stage -- /home/wtv/universidade/SO_20/SO1920/.gitignore
> git cat-file -s c6127b38c1aa25968a88db3940604d41529e4cf5
> git show :argus.c
> git ls-files --stage -- /home/wtv/universidade/SO_20/SO1920/argus.c
> git cat-file -s 6050cb7690c148fcbdc363d41c3c0d6554dea647
> git show :argus.c
> git ls-files --stage -- /home/wtv/universidade/SO_20/SO1920/argus.c
> git cat-file -s 6050cb7690c148fcbdc363d41c3c0d6554dea647
> git show :server.c
> git ls-files --stage -- /home/wtv/universidade/SO_20/SO1920/server.c
> git cat-file -s 814e6fc5cfde97dc2ee5009974ffcc391db4699f
> git show :enunciado.pdf
> git ls-files --stage -- /home/wtv/universidade/SO_20/SO1920/enunciado.pdf
> git cat-file -s 218499765ab656e0183962d4a7f77f711239b51b
> git show :server.c
> git ls-files --stage -- /home/wtv/universidade/SO_20/SO1920/server.c
> git cat-file -s 814e6fc5cfde97dc2ee5009974ffcc391db4699f
> git show :server.c
> git ls-files --stage -- /home/wtv/universidade/SO_20/SO1920/server.c
> git cat-file -s 814e6fc5cfde97dc2ee5009974ffcc391db4699f
> git show :server.c
> git ls-files --stage -- /home/wtv/universidade/SO_20/SO1920/server.c
> git cat-file -s 814e6fc5cfde97dc2ee5009974ffcc391db4699f
> git show :argus.c
> git ls-files --stage -- /home/wtv/universidade/SO_20/SO1920/argus.c
> git cat-file -s 6050cb7690c148fcbdc363d41c3c0d6554dea647
> git show :argus.c
> git ls-files --stage -- /home/wtv/universidade/SO_20/SO1920/argus.c
> git cat-file -s 6050cb7690c148fcbdc363d41c3c0d6554dea647
> git show :server.c
> git ls-files --stage -- /home/wtv/universidade/SO_20/SO1920/server.c
> git cat-file -s 814e6fc5cfde97dc2ee5009974ffcc391db4699f
> git show :server.c
> git ls-files --stage -- /home/wtv/universidade/SO_20/SO1920/server.c
> git cat-file -s 814e6fc5cfde97dc2ee5009974ffcc391db4699f
> git status -z -u
> git symbolic-ref --short HEAD
> git rev-parse master
> git rev-parse --symbolic-full-name master@{u}
> git rev-list --left-right master...refs/remotes/origin/master
> git for-each-ref --format %(refname) %(objectname) --sort -committerdate
> git remote --verbose
> git config --get commit.template
> git show :server.c
> git ls-files --stage -- /home/wtv/universidade/SO_20/SO1920/server.c
> git cat-file -s 814e6fc5cfde97dc2ee5009974ffcc391db4699f
> git show :server.c
> git ls-files --stage -- /home/wtv/universidade/SO_20/SO1920/server.c
> git cat-file -s 814e6fc5cfde97dc2ee5009974ffcc391db4699f
> git show :argus.c
> git ls-files --stage -- /home/wtv/universidade/SO_20/SO1920/argus.c
> git cat-file -s 6050cb7690c148fcbdc363d41c3c0d6554dea647
> git show :server.c
> git ls-files --stage -- /home/wtv/universidade/SO_20/SO1920/server.c
> git cat-file -s 814e6fc5cfde97dc2ee5009974ffcc391db4699f
> git show :argus.c
> git ls-files --stage -- /home/wtv/universidade/SO_20/SO1920/argus.c
> git cat-file -s 6050cb7690c148fcbdc363d41c3c0d6554dea647
> git show :server.c
> git ls-files --stage -- /home/wtv/universidade/SO_20/SO1920/server.c
> git cat-file -s 814e6fc5cfde97dc2ee5009974ffcc391db4699f
> git show :argus.c
> git ls-files --stage -- /home/wtv/universidade/SO_20/SO1920/argus.c
> git cat-file -s 6050cb7690c148fcbdc363d41c3c0d6554dea647
> git show :server.c
> git ls-files --stage -- /home/wtv/universidade/SO_20/SO1920/server.c
> git cat-file -s 814e6fc5cfde97dc2ee5009974ffcc391db4699f
> git show :server.c
> git ls-files --stage -- /home/wtv/universidade/SO_20/SO1920/server.c
> git cat-file -s 814e6fc5cfde97dc2ee5009974ffcc391db4699f
> git rev-parse --show-toplevel
fatal: not a git repository (or any of the parent directories): .git
> git show :server.c
> git ls-files --stage -- /home/wtv/universidade/SO_20/SO1920/server.c
> git cat-file -s 814e6fc5cfde97dc2ee5009974ffcc391db4699f
> git rev-parse --show-toplevel
fatal: not a git repository (or any of the parent directories): .git
> git show :server.c
> git ls-files --stage -- /home/wtv/universidade/SO_20/SO1920/server.c
> git cat-file -s 814e6fc5cfde97dc2ee5009974ffcc391db4699f
> git status -z -u
> git symbolic-ref --short HEAD
> git rev-parse master
> git rev-parse --symbolic-full-name master@{u}
> git rev-list --left-right master...refs/remotes/origin/master
> git for-each-ref --format %(refname) %(objectname) --sort -committerdate
> git remote --verbose
> git config --get commit.template
> git rev-parse --show-toplevel
fatal: not a git repository (or any of the parent directories): .git
> git rev-parse --show-toplevel
fatal: not a git repository (or any of the parent directories): .git
> git rev-parse --show-toplevel
fatal: not a git repository (or any of the parent directories): .git
> git rev-parse --show-toplevel
fatal: not a git repository (or any of the parent directories): .git
> git rev-parse --show-toplevel
fatal: not a git repository (or any of the parent directories): .git
> git rev-parse --show-toplevel
fatal: not a git repository (or any of the parent directories): .git
> git rev-parse --show-toplevel
fatal: not a git repository (or any of the parent directories): .git
> git show :server.c
> git ls-files --stage -- /home/wtv/universidade/SO_20/SO1920/server.c
> git cat-file -s 814e6fc5cfde97dc2ee5009974ffcc391db4699f
> git rev-parse --show-toplevel
fatal: not a git repository (or any of the parent directories): .git
