[2020-06-06 10:50:19.929] [renderer1] [error] TreeError [MarkersView] Tree element not found: [object Object]: Error: TreeError [MarkersView] Tree element not found: [object Object]
    at t.ObjectTreeModel.getElementLocation (file:///opt/visual-studio-code/resources/app/out/vs/workbench/workbench.desktop.main.js:114:373)
    at t.ObjectTreeModel.isCollapsed (file:///opt/visual-studio-code/resources/app/out/vs/workbench/workbench.desktop.main.js:113:502)
    at e.isCollapsed (file:///opt/visual-studio-code/resources/app/out/vs/workbench/workbench.desktop.main.js:1088:430)
    at e.autoReveal (file:///opt/visual-studio-code/resources/app/out/vs/workbench/workbench.desktop.main.js:6902:15)
    at e.onActiveEditorChanged (file:///opt/visual-studio-code/resources/app/out/vs/workbench/workbench.desktop.main.js:6898:1000)
    at file:///opt/visual-studio-code/resources/app/out/vs/workbench/workbench.desktop.main.js:6897:850
    at file:///opt/visual-studio-code/resources/app/out/vs/workbench/workbench.desktop.main.js:92:219
    at e.fire (file:///opt/visual-studio-code/resources/app/out/vs/workbench/workbench.desktop.main.js:95:801)
    at e.doHandleActiveEditorChangeEvent (file:///opt/visual-studio-code/resources/app/out/vs/workbench/workbench.desktop.main.js:5908:1011)
    at e.handleActiveEditorChange (file:///opt/visual-studio-code/resources/app/out/vs/workbench/workbench.desktop.main.js:5908:809)
    at file:///opt/visual-studio-code/resources/app/out/vs/workbench/workbench.desktop.main.js:5909:104
    at e.fire (file:///opt/visual-studio-code/resources/app/out/vs/workbench/workbench.desktop.main.js:95:801)
    at file:///opt/visual-studio-code/resources/app/out/vs/workbench/workbench.desktop.main.js:6120:679
    at async e.openEditor (file:///opt/visual-studio-code/resources/app/out/vs/workbench/workbench.desktop.main.js:6119:589)
[2020-06-06 10:53:48.189] [renderer1] [error] TreeError [MarkersView] Tree element not found: [object Object]: Error: TreeError [MarkersView] Tree element not found: [object Object]
    at t.ObjectTreeModel.getElementLocation (file:///opt/visual-studio-code/resources/app/out/vs/workbench/workbench.desktop.main.js:114:373)
    at t.ObjectTreeModel.isCollapsed (file:///opt/visual-studio-code/resources/app/out/vs/workbench/workbench.desktop.main.js:113:502)
    at e.isCollapsed (file:///opt/visual-studio-code/resources/app/out/vs/workbench/workbench.desktop.main.js:1088:430)
    at e.autoReveal (file:///opt/visual-studio-code/resources/app/out/vs/workbench/workbench.desktop.main.js:6902:15)
    at e.onActiveEditorChanged (file:///opt/visual-studio-code/resources/app/out/vs/workbench/workbench.desktop.main.js:6898:1000)
    at file:///opt/visual-studio-code/resources/app/out/vs/workbench/workbench.desktop.main.js:6897:850
    at file:///opt/visual-studio-code/resources/app/out/vs/workbench/workbench.desktop.main.js:92:219
    at e.fire (file:///opt/visual-studio-code/resources/app/out/vs/workbench/workbench.desktop.main.js:95:801)
    at e.doHandleActiveEditorChangeEvent (file:///opt/visual-studio-code/resources/app/out/vs/workbench/workbench.desktop.main.js:5908:1011)
    at e.handleActiveEditorChange (file:///opt/visual-studio-code/resources/app/out/vs/workbench/workbench.desktop.main.js:5908:809)
    at file:///opt/visual-studio-code/resources/app/out/vs/workbench/workbench.desktop.main.js:5909:104
    at e.fire (file:///opt/visual-studio-code/resources/app/out/vs/workbench/workbench.desktop.main.js:95:801)
    at file:///opt/visual-studio-code/resources/app/out/vs/workbench/workbench.desktop.main.js:6120:679
    at async e.openEditor (file:///opt/visual-studio-code/resources/app/out/vs/workbench/workbench.desktop.main.js:6119:589)
[2020-06-06 10:55:01.845] [renderer1] [error] TreeError [MarkersView] Tree element not found: [object Object]: Error: TreeError [MarkersView] Tree element not found: [object Object]
    at t.ObjectTreeModel.getElementLocation (file:///opt/visual-studio-code/resources/app/out/vs/workbench/workbench.desktop.main.js:114:373)
    at t.ObjectTreeModel.isCollapsed (file:///opt/visual-studio-code/resources/app/out/vs/workbench/workbench.desktop.main.js:113:502)
    at e.isCollapsed (file:///opt/visual-studio-code/resources/app/out/vs/workbench/workbench.desktop.main.js:1088:430)
    at e.autoReveal (file:///opt/visual-studio-code/resources/app/out/vs/workbench/workbench.desktop.main.js:6902:15)
    at e.onActiveEditorChanged (file:///opt/visual-studio-code/resources/app/out/vs/workbench/workbench.desktop.main.js:6898:1000)
    at file:///opt/visual-studio-code/resources/app/out/vs/workbench/workbench.desktop.main.js:6897:850
    at file:///opt/visual-studio-code/resources/app/out/vs/workbench/workbench.desktop.main.js:92:219
    at e.fire (file:///opt/visual-studio-code/resources/app/out/vs/workbench/workbench.desktop.main.js:95:801)
    at e.doHandleActiveEditorChangeEvent (file:///opt/visual-studio-code/resources/app/out/vs/workbench/workbench.desktop.main.js:5908:1011)
    at e.handleActiveEditorChange (file:///opt/visual-studio-code/resources/app/out/vs/workbench/workbench.desktop.main.js:5908:809)
    at file:///opt/visual-studio-code/resources/app/out/vs/workbench/workbench.desktop.main.js:5909:104
    at e.fire (file:///opt/visual-studio-code/resources/app/out/vs/workbench/workbench.desktop.main.js:95:801)
    at file:///opt/visual-studio-code/resources/app/out/vs/workbench/workbench.desktop.main.js:6120:679
    at async e.openEditor (file:///opt/visual-studio-code/resources/app/out/vs/workbench/workbench.desktop.main.js:6119:589)
[2020-06-06 10:56:10.706] [renderer1] [error] TreeError [MarkersView] Tree element not found: [object Object]: Error: TreeError [MarkersView] Tree element not found: [object Object]
    at t.ObjectTreeModel.getElementLocation (file:///opt/visual-studio-code/resources/app/out/vs/workbench/workbench.desktop.main.js:114:373)
    at t.ObjectTreeModel.isCollapsed (file:///opt/visual-studio-code/resources/app/out/vs/workbench/workbench.desktop.main.js:113:502)
    at e.isCollapsed (file:///opt/visual-studio-code/resources/app/out/vs/workbench/workbench.desktop.main.js:1088:430)
    at e.autoReveal (file:///opt/visual-studio-code/resources/app/out/vs/workbench/workbench.desktop.main.js:6902:15)
    at e.onActiveEditorChanged (file:///opt/visual-studio-code/resources/app/out/vs/workbench/workbench.desktop.main.js:6898:1000)
    at file:///opt/visual-studio-code/resources/app/out/vs/workbench/workbench.desktop.main.js:6897:850
    at file:///opt/visual-studio-code/resources/app/out/vs/workbench/workbench.desktop.main.js:92:219
    at e.fire (file:///opt/visual-studio-code/resources/app/out/vs/workbench/workbench.desktop.main.js:95:801)
    at e.doHandleActiveEditorChangeEvent (file:///opt/visual-studio-code/resources/app/out/vs/workbench/workbench.desktop.main.js:5908:1011)
    at e.handleActiveEditorChange (file:///opt/visual-studio-code/resources/app/out/vs/workbench/workbench.desktop.main.js:5908:809)
    at file:///opt/visual-studio-code/resources/app/out/vs/workbench/workbench.desktop.main.js:5909:104
    at e.fire (file:///opt/visual-studio-code/resources/app/out/vs/workbench/workbench.desktop.main.js:95:801)
    at file:///opt/visual-studio-code/resources/app/out/vs/workbench/workbench.desktop.main.js:6120:679
    at async e.openEditor (file:///opt/visual-studio-code/resources/app/out/vs/workbench/workbench.desktop.main.js:6119:589)
[2020-06-06 10:57:15.642] [renderer1] [error] TreeError [MarkersView] Tree element not found: [object Object]: Error: TreeError [MarkersView] Tree element not found: [object Object]
    at t.ObjectTreeModel.getElementLocation (file:///opt/visual-studio-code/resources/app/out/vs/workbench/workbench.desktop.main.js:114:373)
    at t.ObjectTreeModel.isCollapsed (file:///opt/visual-studio-code/resources/app/out/vs/workbench/workbench.desktop.main.js:113:502)
    at e.isCollapsed (file:///opt/visual-studio-code/resources/app/out/vs/workbench/workbench.desktop.main.js:1088:430)
    at e.autoReveal (file:///opt/visual-studio-code/resources/app/out/vs/workbench/workbench.desktop.main.js:6902:15)
    at e.onActiveEditorChanged (file:///opt/visual-studio-code/resources/app/out/vs/workbench/workbench.desktop.main.js:6898:1000)
    at file:///opt/visual-studio-code/resources/app/out/vs/workbench/workbench.desktop.main.js:6897:850
    at file:///opt/visual-studio-code/resources/app/out/vs/workbench/workbench.desktop.main.js:92:219
    at e.fire (file:///opt/visual-studio-code/resources/app/out/vs/workbench/workbench.desktop.main.js:95:801)
    at e.doHandleActiveEditorChangeEvent (file:///opt/visual-studio-code/resources/app/out/vs/workbench/workbench.desktop.main.js:5908:1011)
    at e.handleActiveEditorChange (file:///opt/visual-studio-code/resources/app/out/vs/workbench/workbench.desktop.main.js:5908:809)
    at file:///opt/visual-studio-code/resources/app/out/vs/workbench/workbench.desktop.main.js:5909:104
    at e.fire (file:///opt/visual-studio-code/resources/app/out/vs/workbench/workbench.desktop.main.js:95:801)
    at file:///opt/visual-studio-code/resources/app/out/vs/workbench/workbench.desktop.main.js:6120:679
    at async e.openEditor (file:///opt/visual-studio-code/resources/app/out/vs/workbench/workbench.desktop.main.js:6119:589)
[2020-06-06 11:30:29.866] [renderer1] [error] TreeError [MarkersView] Tree element not found: [object Object]: Error: TreeError [MarkersView] Tree element not found: [object Object]
    at t.ObjectTreeModel.getElementLocation (file:///opt/visual-studio-code/resources/app/out/vs/workbench/workbench.desktop.main.js:114:373)
    at t.ObjectTreeModel.isCollapsed (file:///opt/visual-studio-code/resources/app/out/vs/workbench/workbench.desktop.main.js:113:502)
    at e.isCollapsed (file:///opt/visual-studio-code/resources/app/out/vs/workbench/workbench.desktop.main.js:1088:430)
    at e.autoReveal (file:///opt/visual-studio-code/resources/app/out/vs/workbench/workbench.desktop.main.js:6902:15)
    at e.onActiveEditorChanged (file:///opt/visual-studio-code/resources/app/out/vs/workbench/workbench.desktop.main.js:6898:1000)
    at file:///opt/visual-studio-code/resources/app/out/vs/workbench/workbench.desktop.main.js:6897:850
    at file:///opt/visual-studio-code/resources/app/out/vs/workbench/workbench.desktop.main.js:92:219
    at e.fire (file:///opt/visual-studio-code/resources/app/out/vs/workbench/workbench.desktop.main.js:95:801)
    at e.doHandleActiveEditorChangeEvent (file:///opt/visual-studio-code/resources/app/out/vs/workbench/workbench.desktop.main.js:5908:1011)
    at e.handleActiveEditorChange (file:///opt/visual-studio-code/resources/app/out/vs/workbench/workbench.desktop.main.js:5908:809)
    at file:///opt/visual-studio-code/resources/app/out/vs/workbench/workbench.desktop.main.js:5909:104
    at e.fire (file:///opt/visual-studio-code/resources/app/out/vs/workbench/workbench.desktop.main.js:95:801)
    at file:///opt/visual-studio-code/resources/app/out/vs/workbench/workbench.desktop.main.js:6120:679
    at async e.openEditor (file:///opt/visual-studio-code/resources/app/out/vs/workbench/workbench.desktop.main.js:6119:589)
