[2020/12/03 14:38:19] [message] [Thu Dec 03 14:38:19 WET 2020]: Start Visual Paradigm [VP]: 16.2 (20201010)
[2020/12/03 14:38:19] [message] Operating system: Linux 5.8.18-1-MANJARO running on amd64
[2020/12/03 14:38:19] [message] Java VM: 14.0.2 OpenJDK 64-Bit Server VM, vendor 14.0.2+12 N/A
[2020/12/03 14:38:19] [message] User: wtv, language: en
[2020/12/03 14:38:19] [message] Installation ID: 3d55794a5cd24f215f518d56ed3bc24d
[2020/12/03 14:38:19] [message] Memory: current=256M, max=1024M
[2020/12/03 14:38:20] [message] start startup getLicenseKey on 03-Dec-2020
[2020/12/03 14:38:20] [message] getLicenseKey in local ...
[2020/12/03 14:38:20] [message] finish startup getLicenseKey
[2020/12/03 14:38:20] [message] getVerifiedLicenseKey: null; state=Installed
[2020/12/03 14:38:27] [message] Workspace: /home/wtv/.config/VisualParadigm/ws
[2020/12/03 14:38:33] [message] Exit Visual Paradigm
[2020/12/03 14:38:33] [message] Saved project ".systemproject" to "/home/wtv/.config/VisualParadigm/ws/.vpprefdata/.systemproject.vpp".
[2020/12/03 14:38:34] [message] System.exit: true
[2020/12/03 14:38:35] [message] [Thu Dec 03 14:38:34 WET 2020]: Start Visual Paradigm Community Edition [VP CE]: 16.2 (20201010)
[2020/12/03 14:38:35] [message] Operating system: Linux 5.8.18-1-MANJARO running on amd64
[2020/12/03 14:38:35] [message] Java VM: 14.0.2 OpenJDK 64-Bit Server VM, vendor 14.0.2+12 N/A
[2020/12/03 14:38:35] [message] User: wtv, language: en
[2020/12/03 14:38:35] [message] Installation ID: 3d55794a5cd24f215f518d56ed3bc24d
[2020/12/03 14:38:35] [message] Memory: current=128M, max=1064M
[2020/12/03 14:38:35] [message] Dec 03, 2020 2:38:35 PM java.util.prefs.FileSystemPreferences$2 run
WARNING: Could not create system preferences directory. System preferences are unusable.
[2020/12/03 14:38:35] [message] start startup getLicenseKey on 03-Dec-2020
[2020/12/03 14:38:35] [message] getLicenseKey in local ...
[2020/12/03 14:38:35] [message] finish startup getLicenseKey
[2020/12/03 14:38:35] [message] getVerifiedLicenseKey: null; state=Activating
[2020/12/03 14:38:35] [message] Workspace: /home/wtv/.config/VisualParadigm/ws
[2020/12/03 14:38:38] [message] Opening Project: /home/wtv/.config/VisualParadigm/ws/.vpprefdata/.systemproject.vpp
[2020/12/03 14:39:06] [message] Dec 03, 2020 2:39:06 PM java.util.prefs.FileSystemPreferences checkLockFile0ErrorCode
WARNING: Could not lock System prefs. Unix error code 32542.
[2020/12/03 14:39:06] [message] Dec 03, 2020 2:39:06 PM java.util.prefs.FileSystemPreferences syncWorld
WARNING: Couldn't flush system prefs: java.util.prefs.BackingStoreException: Couldn't get file lock.
[2020/12/03 14:39:31] [message] Saved project "monitorization" to "/home/wtv/universidade/GR/monitorization.vpp".
[2020/12/03 14:39:36] [message] Dec 03, 2020 2:39:36 PM java.util.prefs.FileSystemPreferences checkLockFile0ErrorCode
WARNING: Could not lock System prefs. Unix error code 32542.
[2020/12/03 14:39:36] [message] Dec 03, 2020 2:39:36 PM java.util.prefs.FileSystemPreferences syncWorld
WARNING: Couldn't flush system prefs: java.util.prefs.BackingStoreException: Couldn't get file lock.
[2020/12/03 14:40:06] [message] Dec 03, 2020 2:40:06 PM java.util.prefs.FileSystemPreferences checkLockFile0ErrorCode
WARNING: Could not lock System prefs. Unix error code 32542.
[2020/12/03 14:40:06] [message] Dec 03, 2020 2:40:06 PM java.util.prefs.FileSystemPreferences syncWorld
WARNING: Couldn't flush system prefs: java.util.prefs.BackingStoreException: Couldn't get file lock.
[2020/12/03 14:40:36] [message] Dec 03, 2020 2:40:36 PM java.util.prefs.FileSystemPreferences checkLockFile0ErrorCode
WARNING: Could not lock System prefs. Unix error code 32542.
[2020/12/03 14:40:36] [message] Dec 03, 2020 2:40:36 PM java.util.prefs.FileSystemPreferences syncWorld
WARNING: Couldn't flush system prefs: java.util.prefs.BackingStoreException: Couldn't get file lock.
[2020/12/03 14:41:06] [message] Dec 03, 2020 2:41:06 PM java.util.prefs.FileSystemPreferences checkLockFile0ErrorCode
WARNING: Could not lock System prefs. Unix error code 32542.
[2020/12/03 14:41:06] [message] Dec 03, 2020 2:41:06 PM java.util.prefs.FileSystemPreferences syncWorld
WARNING: Couldn't flush system prefs: java.util.prefs.BackingStoreException: Couldn't get file lock.
[2020/12/03 14:41:36] [message] Dec 03, 2020 2:41:36 PM java.util.prefs.FileSystemPreferences checkLockFile0ErrorCode
WARNING: Could not lock System prefs. Unix error code 32542.
[2020/12/03 14:41:36] [message] Dec 03, 2020 2:41:36 PM java.util.prefs.FileSystemPreferences syncWorld
WARNING: Couldn't flush system prefs: java.util.prefs.BackingStoreException: Couldn't get file lock.
[2020/12/03 14:42:06] [message] Dec 03, 2020 2:42:06 PM java.util.prefs.FileSystemPreferences checkLockFile0ErrorCode
WARNING: Could not lock System prefs. Unix error code 32542.
[2020/12/03 14:42:06] [message] Dec 03, 2020 2:42:06 PM java.util.prefs.FileSystemPreferences syncWorld
WARNING: Couldn't flush system prefs: java.util.prefs.BackingStoreException: Couldn't get file lock.
[2020/12/03 14:42:36] [message] Dec 03, 2020 2:42:36 PM java.util.prefs.FileSystemPreferences checkLockFile0ErrorCode
WARNING: Could not lock System prefs. Unix error code 32542.
[2020/12/03 14:42:36] [message] Dec 03, 2020 2:42:36 PM java.util.prefs.FileSystemPreferences syncWorld
WARNING: Couldn't flush system prefs: java.util.prefs.BackingStoreException: Couldn't get file lock.
[2020/12/03 14:43:06] [message] Dec 03, 2020 2:43:06 PM java.util.prefs.FileSystemPreferences checkLockFile0ErrorCode
WARNING: Could not lock System prefs. Unix error code 32542.
[2020/12/03 14:43:06] [message] Dec 03, 2020 2:43:06 PM java.util.prefs.FileSystemPreferences syncWorld
WARNING: Couldn't flush system prefs: java.util.prefs.BackingStoreException: Couldn't get file lock.
[2020/12/03 14:43:36] [message] Dec 03, 2020 2:43:36 PM java.util.prefs.FileSystemPreferences checkLockFile0ErrorCode
WARNING: Could not lock System prefs. Unix error code 32542.
[2020/12/03 14:43:36] [message] Dec 03, 2020 2:43:36 PM java.util.prefs.FileSystemPreferences syncWorld
WARNING: Couldn't flush system prefs: java.util.prefs.BackingStoreException: Couldn't get file lock.
[2020/12/03 14:43:45] [message] Cannot write to folder: .. (Access is denied)
[2020/12/03 14:44:06] [message] Dec 03, 2020 2:44:06 PM java.util.prefs.FileSystemPreferences checkLockFile0ErrorCode
WARNING: Could not lock System prefs. Unix error code 32542.
[2020/12/03 14:44:06] [message] Dec 03, 2020 2:44:06 PM java.util.prefs.FileSystemPreferences syncWorld
WARNING: Couldn't flush system prefs: java.util.prefs.BackingStoreException: Couldn't get file lock.
[2020/12/03 14:44:36] [message] Dec 03, 2020 2:44:36 PM java.util.prefs.FileSystemPreferences checkLockFile0ErrorCode
WARNING: Could not lock System prefs. Unix error code 32542.
[2020/12/03 14:44:36] [message] Dec 03, 2020 2:44:36 PM java.util.prefs.FileSystemPreferences syncWorld
WARNING: Couldn't flush system prefs: java.util.prefs.BackingStoreException: Couldn't get file lock.
[2020/12/03 14:45:06] [message] Dec 03, 2020 2:45:06 PM java.util.prefs.FileSystemPreferences checkLockFile0ErrorCode
WARNING: Could not lock System prefs. Unix error code 32542.
[2020/12/03 14:45:06] [message] Dec 03, 2020 2:45:06 PM java.util.prefs.FileSystemPreferences syncWorld
WARNING: Couldn't flush system prefs: java.util.prefs.BackingStoreException: Couldn't get file lock.
[2020/12/03 14:45:36] [message] Dec 03, 2020 2:45:36 PM java.util.prefs.FileSystemPreferences checkLockFile0ErrorCode
WARNING: Could not lock System prefs. Unix error code 32542.
[2020/12/03 14:45:36] [message] Dec 03, 2020 2:45:36 PM java.util.prefs.FileSystemPreferences syncWorld
WARNING: Couldn't flush system prefs: java.util.prefs.BackingStoreException: Couldn't get file lock.
[2020/12/03 14:46:06] [message] Dec 03, 2020 2:46:06 PM java.util.prefs.FileSystemPreferences checkLockFile0ErrorCode
WARNING: Could not lock System prefs. Unix error code 32542.
[2020/12/03 14:46:06] [message] Dec 03, 2020 2:46:06 PM java.util.prefs.FileSystemPreferences syncWorld
WARNING: Couldn't flush system prefs: java.util.prefs.BackingStoreException: Couldn't get file lock.
[2020/12/03 14:46:36] [message] Dec 03, 2020 2:46:36 PM java.util.prefs.FileSystemPreferences checkLockFile0ErrorCode
WARNING: Could not lock System prefs. Unix error code 32542.
[2020/12/03 14:46:36] [message] Dec 03, 2020 2:46:36 PM java.util.prefs.FileSystemPreferences syncWorld
WARNING: Couldn't flush system prefs: java.util.prefs.BackingStoreException: Couldn't get file lock.
[2020/12/03 14:47:06] [message] Dec 03, 2020 2:47:06 PM java.util.prefs.FileSystemPreferences checkLockFile0ErrorCode
WARNING: Could not lock System prefs. Unix error code 32542.
[2020/12/03 14:47:06] [message] Dec 03, 2020 2:47:06 PM java.util.prefs.FileSystemPreferences syncWorld
WARNING: Couldn't flush system prefs: java.util.prefs.BackingStoreException: Couldn't get file lock.
[2020/12/03 14:47:36] [message] Dec 03, 2020 2:47:36 PM java.util.prefs.FileSystemPreferences checkLockFile0ErrorCode
WARNING: Could not lock System prefs. Unix error code 32542.
[2020/12/03 14:47:36] [message] Dec 03, 2020 2:47:36 PM java.util.prefs.FileSystemPreferences syncWorld
WARNING: Couldn't flush system prefs: java.util.prefs.BackingStoreException: Couldn't get file lock.
[2020/12/03 14:48:06] [message] Dec 03, 2020 2:48:06 PM java.util.prefs.FileSystemPreferences checkLockFile0ErrorCode
WARNING: Could not lock System prefs. Unix error code 32542.
[2020/12/03 14:48:06] [message] Dec 03, 2020 2:48:06 PM java.util.prefs.FileSystemPreferences syncWorld
WARNING: Couldn't flush system prefs: java.util.prefs.BackingStoreException: Couldn't get file lock.
[2020/12/03 14:48:36] [message] Dec 03, 2020 2:48:36 PM java.util.prefs.FileSystemPreferences checkLockFile0ErrorCode
WARNING: Could not lock System prefs. Unix error code 32542.
[2020/12/03 14:48:36] [message] Dec 03, 2020 2:48:36 PM java.util.prefs.FileSystemPreferences syncWorld
WARNING: Couldn't flush system prefs: java.util.prefs.BackingStoreException: Couldn't get file lock.
[2020/12/03 14:49:06] [message] Dec 03, 2020 2:49:06 PM java.util.prefs.FileSystemPreferences checkLockFile0ErrorCode
WARNING: Could not lock System prefs. Unix error code 32542.
[2020/12/03 14:49:06] [message] Dec 03, 2020 2:49:06 PM java.util.prefs.FileSystemPreferences syncWorld
WARNING: Couldn't flush system prefs: java.util.prefs.BackingStoreException: Couldn't get file lock.
[2020/12/03 14:49:36] [message] Dec 03, 2020 2:49:36 PM java.util.prefs.FileSystemPreferences checkLockFile0ErrorCode
WARNING: Could not lock System prefs. Unix error code 32542.
[2020/12/03 14:49:36] [message] Dec 03, 2020 2:49:36 PM java.util.prefs.FileSystemPreferences syncWorld
WARNING: Couldn't flush system prefs: java.util.prefs.BackingStoreException: Couldn't get file lock.
[2020/12/03 14:49:49] [message] Exit Visual Paradigm
[2020/12/03 14:49:51] [message] Saved project "monitorization" to "/home/wtv/universidade/GR/monitorization.vpp".
[2020/12/03 14:49:51] [message] Saved project ".systemproject" to "/home/wtv/.config/VisualParadigm/ws/.vpprefdata/.systemproject.vpp".
[2020/12/03 14:49:51] [message] System.exit: true
